SF:lib/src/gnrllybttr_ollama_client.dart
DA:29,1
DA:30,1
DA:39,2
DA:73,1
DA:78,2
DA:80,3
DA:84,2
DA:86,2
DA:136,1
DA:141,2
DA:143,3
DA:144,1
DA:147,2
DA:148,1
DA:150,2
DA:153,2
DA:175,1
DA:180,2
DA:181,1
DA:185,2
DA:187,2
DA:208,1
DA:213,2
DA:215,1
DA:219,2
DA:268,1
DA:273,2
DA:275,3
DA:279,2
DA:281,2
DA:332,1
DA:337,2
DA:339,3
DA:340,1
DA:344,2
DA:345,1
DA:347,2
DA:350,2
DA:370,1
DA:375,2
DA:377,1
DA:381,2
DA:408,1
DA:413,2
DA:415,1
DA:419,2
DA:421,2
DA:456,1
DA:461,2
DA:463,3
DA:467,2
DA:469,2
DA:506,1
DA:511,2
DA:513,3
DA:515,1
DA:518,2
DA:519,1
DA:521,2
DA:524,2
DA:544,1
DA:548,2
DA:553,2
DA:555,2
DA:575,1
DA:579,2
DA:584,2
DA:586,2
DA:606,1
DA:610,2
DA:615,2
DA:617,2
DA:644,1
DA:649,2
DA:651,3
DA:655,2
DA:657,2
DA:686,1
DA:691,2
DA:693,3
DA:694,1
DA:698,2
DA:699,1
DA:701,2
DA:704,2
DA:728,1
DA:734,2
DA:735,1
DA:738,1
DA:743,2
DA:771,1
DA:776,2
DA:778,3
DA:782,2
DA:784,2
DA:814,1
DA:819,2
DA:821,3
DA:822,1
DA:826,2
DA:827,1
DA:829,2
DA:832,2
DA:855,1
DA:860,2
DA:862,1
DA:868,2
DA:870,2
LF:108
LH:108
end_of_record
SF:lib/src/abstracts/gnrllybttr_rest_service.dart
DA:39,1
DA:40,2
DA:55,1
DA:56,2
LF:4
LH:4
end_of_record
SF:lib/src/exceptions/gnrllybttr_ollama_client_exceptions.dart
DA:9,2
DA:14,1
DA:15,2
DA:23,2
DA:31,2
DA:39,2
DA:47,2
DA:55,2
DA:63,2
DA:71,1
DA:72,1
DA:80,2
DA:88,2
DA:96,2
DA:104,2
DA:112,2
DA:120,2
DA:128,1
DA:129,1
DA:137,2
DA:145,1
DA:146,1
DA:154,2
DA:162,1
DA:163,1
DA:171,2
LF:26
LH:26
end_of_record
SF:lib/src/models/chat_message.dart
DA:41,5
DA:42,5
LF:2
LH:2
end_of_record
SF:lib/src/models/chat_message.g.dart
DA:9,5
DA:10,5
DA:11,10
DA:12,5
DA:14,8
DA:15,5
DA:16,3
DA:17,1
DA:20,5
DA:21,5
DA:22,15
DA:23,10
DA:24,6
DA:25,9
DA:26,1
LF:15
LH:15
end_of_record
SF:lib/src/models/tool_call.dart
DA:31,2
DA:32,2
LF:2
LH:2
end_of_record
SF:lib/src/models/tool_call.g.dart
DA:9,2
DA:10,2
DA:11,4
DA:14,2
DA:15,2
DA:16,4
LF:6
LH:6
end_of_record
SF:lib/src/models/chat_request.dart
DA:56,1
DA:57,1
LF:2
LH:2
end_of_record
SF:lib/src/models/chat_request.g.dart
DA:9,1
DA:10,1
DA:11,1
DA:12,1
DA:13,3
DA:14,1
DA:15,1
DA:16,3
DA:17,1
DA:18,1
DA:19,1
DA:21,2
DA:22,1
DA:23,1
DA:26,2
DA:27,2
DA:28,4
DA:29,10
DA:30,6
DA:31,1
DA:32,3
DA:33,4
DA:34,4
DA:35,3
LF:24
LH:24
end_of_record
SF:lib/src/models/model_options.dart
DA:111,4
DA:112,4
LF:2
LH:2
end_of_record
SF:lib/src/models/model_options.g.dart
DA:9,4
DA:10,4
DA:11,5
DA:12,5
DA:13,5
DA:14,5
DA:15,5
DA:16,5
DA:17,5
DA:18,5
DA:19,8
DA:20,5
DA:21,5
DA:22,5
DA:23,5
DA:24,5
DA:25,5
DA:26,4
DA:27,7
DA:28,4
DA:29,5
DA:30,5
DA:31,5
DA:32,5
DA:33,4
DA:34,4
DA:35,4
DA:36,4
DA:37,5
DA:40,4
DA:41,4
DA:42,5
DA:43,5
DA:44,5
DA:45,5
DA:46,5
DA:47,5
DA:48,5
DA:49,5
DA:50,8
DA:51,5
DA:52,5
DA:53,4
DA:54,1
DA:55,5
DA:56,5
DA:57,5
DA:58,5
DA:59,5
DA:60,5
DA:61,5
DA:62,5
DA:63,5
DA:64,5
DA:65,5
DA:66,5
DA:67,5
DA:68,5
DA:69,5
LF:59
LH:59
end_of_record
SF:lib/src/models/tool.dart
DA:36,4
LF:1
LH:1
end_of_record
SF:lib/src/models/tool.g.dart
DA:9,4
DA:10,2
DA:11,4
DA:14,2
DA:15,2
DA:16,2
DA:17,4
LF:7
LH:7
end_of_record
SF:lib/src/models/chat_response.dart
DA:63,2
DA:64,2
LF:2
LH:2
end_of_record
SF:lib/src/models/chat_response.g.dart
DA:9,2
DA:10,2
DA:11,2
DA:12,4
DA:13,4
DA:14,2
DA:15,3
DA:16,3
DA:17,3
DA:18,3
DA:19,3
DA:20,3
DA:23,2
DA:24,2
DA:25,4
DA:26,6
DA:27,6
DA:28,4
DA:29,3
DA:30,3
DA:31,2
DA:32,1
DA:33,2
DA:34,1
DA:35,3
DA:36,3
LF:26
LH:26
end_of_record
SF:lib/src/models/copy_model_request.dart
DA:29,1
DA:30,1
LF:2
LH:2
end_of_record
SF:lib/src/models/copy_model_request.g.dart
DA:9,1
DA:11,1
DA:12,1
DA:13,1
DA:16,2
DA:18,2
DA:19,2
DA:20,2
LF:8
LH:8
end_of_record
SF:lib/src/models/create_model_request.dart
DA:61,1
DA:62,1
LF:2
LH:2
end_of_record
SF:lib/src/models/create_model_request.g.dart
DA:9,1
DA:11,1
DA:12,1
DA:13,1
DA:14,2
DA:15,2
DA:17,2
DA:18,2
DA:20,1
DA:21,1
DA:22,1
DA:23,1
DA:24,1
DA:25,3
DA:26,1
DA:27,1
DA:28,1
DA:31,2
DA:33,2
DA:34,4
DA:35,4
DA:36,4
DA:37,4
DA:38,4
DA:39,4
DA:40,4
DA:41,4
DA:42,10
DA:43,2
DA:44,4
DA:45,4
LF:31
LH:31
end_of_record
SF:lib/src/models/create_status.dart
DA:37,2
DA:38,2
LF:2
LH:2
end_of_record
SF:lib/src/models/create_status.g.dart
DA:9,2
DA:10,2
DA:11,2
DA:12,2
DA:13,3
DA:14,3
DA:17,2
DA:18,2
DA:19,4
DA:20,3
DA:21,3
DA:22,3
LF:12
LH:12
end_of_record
SF:lib/src/models/delete_model_request.dart
DA:25,1
DA:26,1
LF:2
LH:2
end_of_record
SF:lib/src/models/delete_model_request.g.dart
DA:9,1
DA:11,1
DA:12,1
DA:15,2
DA:17,2
DA:18,2
LF:6
LH:6
end_of_record
SF:lib/src/models/embed_request.dart
DA:43,1
DA:44,1
LF:2
LH:2
end_of_record
SF:lib/src/models/embed_request.g.dart
DA:9,1
DA:10,1
DA:11,1
DA:12,1
DA:13,1
DA:14,1
DA:16,2
DA:17,1
DA:20,2
DA:21,2
DA:22,4
DA:23,4
DA:24,3
DA:25,4
DA:26,3
LF:15
LH:15
end_of_record
SF:lib/src/models/embed_response.dart
DA:52,2
DA:53,2
LF:2
LH:2
end_of_record
SF:lib/src/models/embed_response.g.dart
DA:9,2
DA:10,2
DA:11,2
DA:12,2
DA:13,4
DA:14,8
DA:15,2
DA:16,3
DA:17,3
DA:18,3
DA:19,3
DA:20,3
DA:21,3
DA:24,2
DA:25,2
DA:26,4
DA:27,4
DA:28,3
DA:29,3
DA:30,2
DA:31,1
DA:32,2
DA:33,1
DA:34,3
DA:35,3
LF:25
LH:25
end_of_record
SF:lib/src/models/function_call.dart
DA:29,3
DA:30,3
LF:2
LH:2
end_of_record
SF:lib/src/models/function_call.g.dart
DA:9,3
DA:10,3
DA:11,3
DA:12,3
DA:15,3
DA:16,3
DA:17,3
DA:18,3
LF:8
LH:8
end_of_record
SF:lib/src/models/function_def.dart
DA:33,3
DA:34,3
LF:2
LH:2
end_of_record
SF:lib/src/models/function_def.g.dart
DA:9,3
DA:10,3
DA:11,3
DA:12,3
DA:13,3
DA:16,3
DA:17,3
DA:18,3
DA:19,3
DA:20,3
LF:10
LH:10
end_of_record
SF:lib/src/models/generate_request.dart
DA:64,1
DA:65,1
LF:2
LH:2
end_of_record
SF:lib/src/models/generate_request.g.dart
DA:9,1
DA:11,1
DA:12,1
DA:13,1
DA:14,1
DA:16,4
DA:17,1
DA:18,1
DA:20,2
DA:21,1
DA:22,1
DA:23,1
DA:24,1
DA:25,1
DA:26,1
DA:27,3
DA:28,1
DA:31,2
DA:33,2
DA:34,4
DA:35,4
DA:36,3
DA:37,3
DA:38,3
DA:39,4
DA:40,3
DA:41,3
DA:42,4
DA:43,3
DA:44,3
DA:45,3
LF:31
LH:31
end_of_record
SF:lib/src/models/generate_response.dart
DA:60,2
DA:61,2
LF:2
LH:2
end_of_record
SF:lib/src/models/generate_response.g.dart
DA:9,2
DA:11,2
DA:12,2
DA:13,4
DA:14,2
DA:15,2
DA:16,2
DA:17,3
DA:18,1
DA:19,3
DA:20,3
DA:21,3
DA:22,3
DA:23,3
DA:24,3
DA:27,2
DA:29,2
DA:30,4
DA:31,6
DA:32,4
DA:33,4
DA:34,3
DA:35,3
DA:36,3
DA:37,2
DA:38,1
DA:39,2
DA:40,1
DA:41,3
DA:42,3
LF:30
LH:30
end_of_record
SF:lib/src/models/http_cancel_token.dart
DA:28,2
DA:38,2
DA:49,1
DA:50,1
LF:4
LH:4
end_of_record
SF:lib/src/models/http_options.dart
DA:20,3
LF:1
LH:1
end_of_record
SF:lib/src/models/http_response.dart
DA:18,3
LF:1
LH:1
end_of_record
SF:lib/src/models/model.dart
DA:45,6
LF:1
LH:1
end_of_record
SF:lib/src/models/model.g.dart
DA:9,6
DA:10,3
DA:11,6
DA:12,6
DA:13,3
DA:14,6
DA:17,3
DA:18,3
DA:19,3
DA:20,6
DA:21,3
DA:22,3
DA:23,6
LF:13
LH:13
end_of_record
SF:lib/src/models/model_details.dart
DA:44,7
DA:45,7
LF:2
LH:2
end_of_record
SF:lib/src/models/model_details.g.dart
DA:9,7
DA:10,7
DA:11,7
DA:12,7
DA:13,7
DA:14,2
DA:15,1
DA:16,7
DA:17,7
DA:20,7
DA:21,7
DA:22,14
DA:23,14
DA:24,8
DA:25,8
DA:26,7
DA:27,1
LF:17
LH:17
end_of_record
SF:lib/src/models/model_info.dart
DA:43,2
DA:44,2
LF:2
LH:2
end_of_record
SF:lib/src/models/model_info.g.dart
DA:9,2
DA:10,2
DA:11,2
DA:12,2
DA:13,2
DA:14,4
DA:15,2
DA:18,2
DA:19,2
DA:20,4
DA:21,4
DA:22,4
DA:23,6
DA:24,3
LF:14
LH:14
end_of_record
SF:lib/src/models/model_list.dart
DA:36,3
DA:37,3
LF:2
LH:2
end_of_record
SF:lib/src/models/model_list.g.dart
DA:9,3
DA:10,3
DA:11,3
DA:12,9
DA:13,3
DA:16,3
DA:17,3
DA:18,15
LF:8
LH:8
end_of_record
SF:lib/src/models/model_status.dart
DA:53,2
DA:54,2
LF:2
LH:2
end_of_record
SF:lib/src/models/model_status.g.dart
DA:9,2
DA:10,2
DA:11,2
DA:12,2
DA:13,4
DA:14,2
DA:15,4
DA:16,4
DA:17,4
DA:20,2
DA:21,2
DA:22,2
DA:23,2
DA:24,2
DA:25,2
DA:26,4
DA:27,4
DA:28,2
LF:18
LH:18
end_of_record
SF:lib/src/models/model_status_list.dart
DA:38,2
DA:39,2
LF:2
LH:2
end_of_record
SF:lib/src/models/model_status_list.g.dart
DA:9,2
DA:11,2
DA:12,2
DA:13,4
DA:14,2
DA:17,2
DA:19,2
DA:20,8
LF:8
LH:8
end_of_record
SF:lib/src/models/pull_model_request.dart
DA:34,1
DA:35,1
LF:2
LH:2
end_of_record
SF:lib/src/models/pull_model_request.g.dart
DA:9,1
DA:11,1
DA:12,1
DA:13,1
DA:14,1
DA:17,2
DA:19,2
DA:20,4
DA:21,3
DA:22,4
LF:10
LH:10
end_of_record
SF:lib/src/models/pull_status.dart
DA:37,2
DA:38,2
LF:2
LH:2
end_of_record
SF:lib/src/models/pull_status.g.dart
DA:9,2
DA:10,2
DA:11,2
DA:12,2
DA:13,3
DA:14,3
DA:17,2
DA:18,2
DA:19,4
DA:20,3
DA:21,3
DA:22,3
LF:12
LH:12
end_of_record
SF:lib/src/models/push_model_request.dart
DA:34,1
DA:35,1
LF:2
LH:2
end_of_record
SF:lib/src/models/push_model_request.g.dart
DA:9,1
DA:11,1
DA:12,1
DA:13,1
DA:14,1
DA:17,2
DA:19,2
DA:20,4
DA:21,3
DA:22,4
LF:10
LH:10
end_of_record
SF:lib/src/models/push_status.dart
DA:34,2
DA:35,2
LF:2
LH:2
end_of_record
SF:lib/src/models/push_status.g.dart
DA:9,2
DA:10,2
DA:11,2
DA:12,2
DA:13,3
DA:16,2
DA:17,2
DA:18,4
DA:19,3
DA:20,3
LF:10
LH:10
end_of_record
SF:lib/src/models/version_response.dart
DA:25,2
DA:26,2
LF:2
LH:2
end_of_record
SF:lib/src/models/version_response.g.dart
DA:9,2
DA:11,2
DA:12,2
DA:15,2
DA:17,2
DA:18,2
LF:6
LH:6
end_of_record
SF:lib/src/services/dio_service.dart
DA:29,2
DA:31,2
DA:51,1
DA:58,2
DA:61,1
DA:62,1
DA:65,1
DA:82,1
DA:90,2
DA:94,1
DA:95,1
DA:98,1
DA:114,1
DA:122,2
DA:126,1
DA:127,1
DA:130,1
DA:146,1
DA:154,2
DA:158,1
DA:159,1
DA:162,1
DA:176,1
DA:183,2
DA:186,1
DA:187,1
DA:190,1
DA:207,1
DA:215,2
DA:219,2
DA:222,1
DA:225,2
DA:226,1
DA:227,2
DA:228,1
DA:230,2
DA:231,1
DA:238,1
DA:240,1
DA:241,1
DA:242,1
DA:243,2
DA:244,2
DA:245,2
DA:253,1
DA:254,1
DA:258,1
DA:259,1
DA:260,1
DA:261,1
DA:262,1
DA:263,2
LF:52
LH:52
end_of_record
